Arguments: 
  /Users/wotkad/.nvm/versions/node/v8.9.1/bin/node /Users/wotkad/.nvm/versions/node/v8.9.1/bin/yarn init

PATH: 
  /Users/wotkad/.nvm/versions/node/v8.9.1/bin:/usr/local/bin:/usr/bin:/bin:/usr/sbin:/sbin:/opt/X11/bin

Yarn version: 
  1.3.2

Node version: 
  8.9.1

Platform: 
  darwin x64

npm manifest: 
  {
    "name": "sberbank",
    "version": "1.0.0",
    "description": "INSTALLATION -",
    "main": "gulpfile.js",
    "dependencies": {
      "browser-sync": "^2.24.4",
      "del": "^3.0.0",
      "gulp-cache": "^1.0.2",
      "gulp-concat": "^2.6.1",
      "gulp-font-awesome-icons": "^1.0.2",
      "gulp-pug": "^4.0.1",
      "gulp-imagemin": "^4.1.0",
      "gulp-rename": "^1.2.3",
      "gulp-uglifyjs": "^0.6.2",
      "gulp-sass": "^4.0.1",
      "gulp-stylus": "^2.7.0",
      "gulp-autoprefixer": "^5.0.0",
      "gulp-cssnano": "^2.1.3",
      "imagemin-pngquant": "^5.1.0",
      "pug": "^2.0.3",
      "stylus": "^0.54.5"
    },
    "devDependencies": {},
    "scripts": {
      "test": "echo \"Error: no test specified\" && exit 1"
    },
    "repository": {
      "type": "git",
      "url": "git+https://github.com/wotkad/zaliv.git"
    },
    "author": "wotkad",
    "license": "ISC",
    "bugs": {
      "url": "https://github.com/wotkad/zaliv/issues"
    },
    "homepage": "https://github.com/wotkad/zaliv#readme"
  }

yarn manifest: 
  No manifest

Lockfile: 
  No lockfile

Trace: 
  Error: canceled
      at Interface.<anonymous> (/Users/wotkad/.nvm/versions/node/v8.9.1/lib/node_modules/yarn/lib/cli.js:121045:13)
      at emitNone (events.js:106:13)
      at Interface.emit (events.js:208:7)
      at Interface._ttyWrite (readline.js:775:16)
      at ReadStream.onkeypress (readline.js:160:10)
      at emitTwo (events.js:126:13)
      at ReadStream.emit (events.js:214:7)
      at emitKeys (internal/readline.js:420:14)
      at emitKeys.next (<anonymous>)
      at ReadStream.onData (readline.js:1011:36)
